Expo push token updated for user 1
Expo push token updated for user 1
Expo push token updated for user 1
Expo push token updated for user 1
Expo push token updated for user 1
Expo push token updated for user 1
Expo push token updated for user 1
Expo push token updated for user 1
Expo push token updated for user 1
Expo push token updated for user 1
Expo push token updated for user 1
Expo push token updated for user 1
Expo push token updated for user 1
Expo push token updated for user 1
Expo push token updated for user 1
Expo push token updated for user 1
Expo push token updated for user 1
Expo push token updated for user 1
Expo push token updated for user 1
Expo push token updated for user 1
Sending Expo push notification to 1 devices for user 1
Unexpected error sending Expo notifications: HTTPSConnectionPool(host='exp.host', port=443): Max retries exceeded with url: /--/api/v2/push/send (Caused by NameResolutionError("<urllib3.connection.HTTPSConnection object at 0x11195e740>: Failed to resolve 'exp.host' ([Errno 8] nodename nor servname provided, or not known)"))
Sending Expo push notification to 1 devices for user 1
Unexpected error sending Expo notifications: HTTPSConnectionPool(host='exp.host', port=443): Max retries exceeded with url: /--/api/v2/push/send (Caused by NameResolutionError("<urllib3.connection.HTTPSConnection object at 0x106b3c5b0>: Failed to resolve 'exp.host' ([Errno 8] nodename nor servname provided, or not known)"))
Sending Expo push notification to 1 devices for user 1
Unexpected error sending Expo notifications: HTTPSConnectionPool(host='exp.host', port=443): Max retries exceeded with url: /--/api/v2/push/send (Caused by NameResolutionError("<urllib3.connection.HTTPSConnection object at 0x1116408b0>: Failed to resolve 'exp.host' ([Errno 8] nodename nor servname provided, or not known)"))
Sending Expo push notification to 1 devices for user 1
Successfully sent Expo notification to 1/1 devices
Expo push token updated for user 1
Expo push token updated for user 1
Expo push token updated for user 1
Expo push token updated for user 1
Expo push token updated for user 8
Expo push token updated for user 8
Expo push token updated for user 8
Expo push token updated for user 8
Sending Expo push notification to 1 devices for user 8
Successfully sent Expo notification to 1/1 devices
Sending Expo push notification to 1 devices for user 8
Successfully sent Expo notification to 1/1 devices
Expo push token updated for user 8
Expo push token updated for user 8
Expo push token updated for user 8
Expo push token updated for user 8
Expo push token updated for user 1
Expo push token updated for user 1
Expo push token updated for user 1
Expo push token updated for user 1
Expo push token updated for user 1
Expo push token updated for user 1
Expo push token updated for user 1
Expo push token updated for user 1
Expo push token updated for user 1
Expo push token updated for user 1
Expo push token updated for user 1
Expo push token updated for user 1
Sending Expo push notification to 1 devices for user 1
Successfully sent Expo notification to 1/1 devices
Expo push token updated for user 1
Expo push token updated for user 1
Expo push token updated for user 1
Expo push token updated for user 1
Sending Expo push notification to 1 devices for user 1
Successfully sent Expo notification to 1/1 devices
Sending Expo push notification to 1 devices for user 1
📱 Sending notification - Title: 'enora commented', Body: '"ehhhhhhhhhhh" on "Test"'
Successfully sent Expo notification to 1/1 devices
Expo push token updated for user 1
Expo push token updated for user 1
Expo push token updated for user 1
Expo push token updated for user 1
Sending Expo push notification to 1 devices for user 1
📱 Sending notification - Title: 'enora a commenté', Body: '"ohoho" sur "Test"'
Successfully sent Expo notification to 1/1 devices
Sending Expo push notification to 1 devices for user 1
📱 Sending notification - Title: 'enora a commenté', Body: '"heho" sur "Test"'
Successfully sent Expo notification to 1/1 devices
Expo push token updated for user 1
Expo push token updated for user 1
Expo push token updated for user 1
Expo push token updated for user 1
Sending Expo push notification to 1 devices for user 1
📱 Sending notification - Title: 'enora a commenté', Body: '"yo" sur "Test"'
Successfully sent Expo notification to 1/1 devices
Expo push token updated for user 1
Expo push token updated for user 1
Expo push token updated for user 1
Expo push token updated for user 1
Expo push token updated for user 1
Expo push token updated for user 1
Expo push token updated for user 1
Expo push token updated for user 1
Expo push token updated for user 1
Sending Expo push notification to 1 devices for user 1
📱 Sending notification - Title: 'enora a commenté', Body: '"hello" sur "Test"'
Successfully sent Expo notification to 1/1 devices
Sending Expo push notification to 1 devices for user 1
📱 Sending notification - Title: 'enora a commenté', Body: '"haha" sur "Test"'
Successfully sent Expo notification to 1/1 devices
